<?xml version="1.0" encoding="UTF-8"?>
<!-- Generated by org.testng.reporters.JUnitReportReporter -->
<testsuite hostname="DESKTOP-L2RJAAD" failures="0" tests="3" name="com.crm.qa.testcases.HomePageTest" time="36.454" errors="0" timestamp="2020-04-16T16:23:37 EDT" skipped="0">
  <testcase classname="com.crm.qa.testcases.HomePageTest" name="verifyHomePageTitleTest" time="13.346"/>
  <system-out/>
  <testcase classname="com.crm.qa.testcases.HomePageTest" name="verifyUserNameTest" time="10.942"/>
  <system-out/>
  <testcase classname="com.crm.qa.testcases.HomePageTest" name="verifyContactsLinkTest" time="12.166"/>
  <system-out/>
</testsuite> <!-- com.crm.qa.testcases.HomePageTest -->
